<?xml version="1.0" encoding="UTF-8"?>
<testng-results ignored="0" total="1" passed="1" failed="0" skipped="0">
  <reporter-output>
  </reporter-output>
  <suite started-at="2025-03-30T18:14:14 IST" name="Default suite" finished-at="2025-03-30T18:14:32 IST" duration-ms="18299">
    <groups>
    </groups>
    <test started-at="2025-03-30T18:14:14 IST" name="Default test" finished-at="2025-03-30T18:14:32 IST" duration-ms="18299">
      <class name="ltDemo.LTExample3">
        <test-method signature="Scenario3()[pri:0, instance:ltDemo.LTExample3@145f66e3]" started-at="2025-03-30T18:14:14 IST" name="Scenario3" finished-at="2025-03-30T18:14:32 IST" duration-ms="18166" status="PASS">
          <reporter-output>
          </reporter-output>
        </test-method> <!-- Scenario3 -->
      </class> <!-- ltDemo.LTExample3 -->
    </test> <!-- Default test -->
  </suite> <!-- Default suite -->
</testng-results>
